{
  "0 debug pnpm:scope": {
    "selected": 1
  },
  "1 debug pnpm:package-manifest": {
    "initial": {
      "name": "@utils/lock",
      "version": "1.0.2",
      "description": "",
      "main": "lib/index.js",
      "module": "lib/index.esm.js",
      "scripts": {
        "build": "rollup -c"
      },
      "keywords": [],
      "author": "755596386@qq.com",
      "license": "ISC",
      "devDependencies": {
        "rollup": "^2.75.6"
      },
      "files": [
        "dist"
      ]
    },
    "prefix": "D:\\Y\\scop\\utils\\lock"
  },
  "2 debug pnpm:context": {
    "currentLockfileExists": false,
    "storeDir": "D:\\.pnpm-store\\v3",
    "virtualStoreDir": "D:\\Y\\scop\\utils\\lock\\node_modules\\.pnpm"
  },
  "3 debug pnpm:stage": {
    "prefix": "D:\\Y\\scop\\utils\\lock",
    "stage": "resolution_started"
  },
  "4 error pnpm": {
    "code": "ERR_PNPM_FETCH_404",
    "hint": "@types/rollup-plugin-eslint is not in the npm registry, or you have no permission to fetch it.\n\nNo authorization header was set for the request.",
    "request": {
      "url": "https://registry.npm.taobao.org/@types%2Frollup-plugin-eslint"
    },
    "response": {
      "size": 0
    },
    "pkgName": "@types/rollup-plugin-eslint",
    "spec": {
      "fetchSpec": "latest",
      "name": "@types/rollup-plugin-eslint",
      "type": "tag"
    },
    "pkgsStack": [],
    "err": {
      "name": "pnpm",
      "message": "GET https://registry.npm.taobao.org/@types%2Frollup-plugin-eslint: Not Found - 404",
      "code": "ERR_PNPM_FETCH_404",
      "stack": "pnpm: GET https://registry.npm.taobao.org/@types%2Frollup-plugin-eslint: Not Found - 404\n    at RetryOperation._fn (D:\\software\\nvm\\v14.18.0\\node_modules\\pnpm\\dist\\pnpm.cjs:85463:19)\n    at processTicksAndRejections (internal/process/task_queues.js:95:5)"
    }
  }
}